Vivado Simulator 2016.4
Time resolution is 1 ps
-----  TEST FOR A OR B  -----
Time=      20.0ns 
 S=100 
 Cin=0 
 a=00000000000000000000000000000000 
 b=00000000000000000000000000000000 
 d=00000000000000000000000000000000 
 ref=00000000000000000000000000000000 
 Cout=0 
 CoutRef=0 
 V=0 
 Vref=0 

-----  TEST FOR A OR B  -----
Time=      40.0ns 
 S=100 
 Cin=0 
 a=00000000000000000000000000000000 
 b=00000000000000000000000000000000 
 d=00000000000000000000000000000000 
 ref=00000000000000000000000000000000 
 Cout=0 
 CoutRef=0 
 V=0 
 Vref=0 

-----  TEST FOR A + B/ CARRY CHAIN  -----
Time=      60.0ns 
 S=010 
 Cin=0 
 a=11111111111111111111111111111111 
 b=00000000000000000000000000000000 
 d=11111111111111111111111111111111 
 ref=11111111111111111111111111111111 
 Cout=0 
 CoutRef=0 
 V=0 
 Vref=0 

-----  TEST FOR A + B/ CARRY CHAIN  -----
Time=      80.0ns 
 S=010 
 Cin=1 
 a=11111111111111111111111111111111 
 b=00000000000000000000000000000000 
 d=00000000000000000000000000000000 
 ref=00000000000000000000000000000000 
 Cout=1 
 CoutRef=1 
 V=0 
 Vref=0 

-----  TEST FOR A + B/ CARRY CHAIN  -----
Time=     100.0ns 
 S=010 
 Cin=0 
 a=01111111111111111111111111111111 
 b=00000000000000000000000000000000 
 d=01111111111111111111111111111111 
 ref=01111111111111111111111111111111 
 Cout=0 
 CoutRef=0 
 V=0 
 Vref=0 

-----  TEST FOR A + B/ CARRY CHAIN  -----
Time=     120.0ns 
 S=010 
 Cin=1 
 a=01111111111111111111111111111111 
 b=00000000000000000000000000000000 
 d=10000000000000000000000000000000 
 ref=10000000000000000000000000000000 
 Cout=0 
 CoutRef=0 
 V=1 
 Vref=1 

-----  TEST FOR A XOR B  -----
Time=     140.0ns 
 S=000 
 Cin=0 
 a=11110000000100000001000011001010 
 b=11110000000000000001000110101100 
 d=00000000000100000000000101100110 
 ref=00000000000100000000000101100110 
 Cout=1 
 CoutRef=x 
 V=0 
 Vref=x 

-----  TEST FOR A XNOR B  -----
Time=     160.0ns 
 S=001 
 Cin=0 
 a=11110001000000011100101110101001 
 b=00000000000100011010110111000001 
 d=00001110111011111001100110010111 
 ref=00001110111011111001100110010111 
 Cout=1 
 CoutRef=x 
 V=0 
 Vref=x 

-----  TEST FOR A AND B  -----
Time=     180.0ns 
 S=110 
 Cin=0 
 a=11111111111111111111111111111111 
 b=00000000000000001111111111111111 
 d=00000000000000001111111111111111 
 ref=00000000000000001111111111111111 
 Cout=1 
 CoutRef=x 
 V=0 
 Vref=x 

-----  TEST FOR A OR B  -----
Time=     200.0ns 
 S=100 
 Cin=0 
 a=11110001000000011100101110101001 
 b=00000000000100011010110111000001 
 d=11110001000100011110111111101001 
 ref=11110001000100011110111111101001 
 Cout=0 
 CoutRef=x 
 V=0 
 Vref=x 

-----  TEST FOR A + B/ CARRY CHAIN  -----
Time=     220.0ns 
 S=010 
 Cin=0 
 a=00110001001100010010000000100000 
 b=00110011000100010010001000000000 
 d=01100100010000100100001000100000 
 ref=01100100010000100100001000100000 
 Cout=0 
 CoutRef=x 
 V=0 
 Vref=x 

-----  TEST FOR A - B  -----
Time=     240.0ns 
 S=011 
 Cin=1 
 a=00110001001100010010000000100000 
 b=11001100111011101101110111111111 
 d=01100100010000100100001000100001 
 ref=01100100010000100100001000100001 
 Cout=0 
 CoutRef=x 
 V=0 
 Vref=x 

-----  TEST FOR A + B/ CARRY CHAIN  -----
Time=     260.0ns 
 S=010 
 Cin=1 
 a=00000000000000000000000000000000 
 b=00000000000000000000000000000000 
 d=00000000000000000000000000000001 
 ref=00000000000000000000000000000001 
 Cout=0 
 CoutRef=x 
 V=0 
 Vref=x 

-----  TEST FOR A + B/ CARRY CHAIN  -----
Time=     280.0ns 
 S=010 
 Cin=0 
 a=00000000000000000000000000001111 
 b=00000000000000000000000000000000 
 d=00000000000000000000000000001111 
 ref=00000000000000000000000000001111 
 Cout=0 
 CoutRef=x 
 V=0 
 Vref=x 

-----  TEST FOR A + B/ CARRY CHAIN  -----
Time=     300.0ns 
 S=010 
 Cin=1 
 a=00000000000000000000000000001111 
 b=00000000000000000000000000000000 
 d=00000000000000000000000000010000 
 ref=00000000000000000000000000010000 
 Cout=0 
 CoutRef=x 
 V=0 
 Vref=x 

-----  TEST FOR A + B/ CARRY CHAIN  -----
Time=     320.0ns 
 S=010 
 Cin=0 
 a=00000000000000000000000011111111 
 b=00000000000000000000000000000000 
 d=00000000000000000000000011111111 
 ref=00000000000000000000000011111111 
 Cout=0 
 CoutRef=x 
 V=0 
 Vref=x 

-----  TEST FOR A + B/ CARRY CHAIN  -----
Time=     340.0ns 
 S=010 
 Cin=1 
 a=00000000000000000000000011111111 
 b=00000000000000000000000000000000 
 d=00000000000000000000000100000000 
 ref=00000000000000000000000100000000 
 Cout=0 
 CoutRef=x 
 V=0 
 Vref=x 

-----  TEST FOR A + B/ CARRY CHAIN  -----
Time=     360.0ns 
 S=010 
 Cin=0 
 a=00000000000000000000111111111111 
 b=00000000000000000000000000000000 
 d=00000000000000000000111111111111 
 ref=00000000000000000000111111111111 
 Cout=0 
 CoutRef=x 
 V=0 
 Vref=x 

-----  TEST FOR A + B/ CARRY CHAIN  -----
Time=     380.0ns 
 S=010 
 Cin=1 
 a=00000000000000000000111111111111 
 b=00000000000000000000000000000000 
 d=00000000000000000001000000000000 
 ref=00000000000000000001000000000000 
 Cout=0 
 CoutRef=x 
 V=0 
 Vref=x 

-----  TEST FOR A + B/ CARRY CHAIN  -----
Time=     400.0ns 
 S=010 
 Cin=0 
 a=00000000000000001111111111111111 
 b=00000000000000000000000000000000 
 d=00000000000000001111111111111111 
 ref=00000000000000001111111111111111 
 Cout=0 
 CoutRef=x 
 V=0 
 Vref=x 

-----  TEST FOR A + B/ CARRY CHAIN  -----
Time=     420.0ns 
 S=010 
 Cin=1 
 a=00000000000000001111111111111111 
 b=00000000000000000000000000000000 
 d=00000000000000010000000000000000 
 ref=00000000000000010000000000000000 
 Cout=0 
 CoutRef=x 
 V=0 
 Vref=x 

-----  TEST FOR A + B/ CARRY CHAIN  -----
Time=     440.0ns 
 S=010 
 Cin=0 
 a=00000000000011111111111111111111 
 b=00000000000000000000000000000000 
 d=00000000000011111111111111111111 
 ref=00000000000011111111111111111111 
 Cout=0 
 CoutRef=x 
 V=0 
 Vref=x 

-----  TEST FOR A + B/ CARRY CHAIN  -----
Time=     460.0ns 
 S=010 
 Cin=1 
 a=00000000000011111111111111111111 
 b=00000000000000000000000000000000 
 d=00000000000100000000000000000000 
 ref=00000000000100000000000000000000 
 Cout=0 
 CoutRef=x 
 V=0 
 Vref=x 

-----  TEST FOR A + B/ CARRY CHAIN  -----
Time=     480.0ns 
 S=010 
 Cin=0 
 a=00000000111111111111111111111111 
 b=00000000000000000000000000000000 
 d=00000000111111111111111111111111 
 ref=00000000111111111111111111111111 
 Cout=0 
 CoutRef=x 
 V=0 
 Vref=x 

-----  TEST FOR A + B/ CARRY CHAIN  -----
Time=     500.0ns 
 S=010 
 Cin=1 
 a=00000000111111111111111111111111 
 b=00000000000000000000000000000000 
 d=00000001000000000000000000000000 
 ref=00000001000000000000000000000000 
 Cout=0 
 CoutRef=x 
 V=0 
 Vref=x 

-----  TEST FOR A + B/ CARRY CHAIN  -----
Time=     520.0ns 
 S=010 
 Cin=0 
 a=00001111111111111111111111111111 
 b=00000000000000000000000000000000 
 d=00001111111111111111111111111111 
 ref=00001111111111111111111111111111 
 Cout=0 
 CoutRef=x 
 V=0 
 Vref=x 

-----  TEST FOR A + B/ CARRY CHAIN  -----
Time=     540.0ns 
 S=010 
 Cin=1 
 a=00001111111111111111111111111111 
 b=00000000000000000000000000000000 
 d=00010000000000000000000000000000 
 ref=00010000000000000000000000000000 
 Cout=0 
 CoutRef=x 
 V=0 
 Vref=x 

-----  TEST FOR A NOR B  -----
Time=     560.0ns 
 S=101 
 Cin=0 
 a=11111111111111111111111111111111 
 b=00000000000000001111111111111111 
 d=00000000000000000000000000000000 
 ref=00000000000000000000000000000000 
 Cout=1 
 CoutRef=x 
 V=0 
 Vref=x 

-----  TEST FOR A + B/ CARRY CHAIN  -----
Time=     580.0ns 
 S=010 
 Cin=0 
 a=00000000000000000000000000000000 
 b=00000000000000000000000000000000 
 d=00000000000000000000000000000000 
 ref=xxxxxxxxxxxxxxxxxxxxxxxxxxxxxxxx 
 Cout=0 
 CoutRef=0 
 V=0 
 Vref=0 

-----  TEST FOR A + B/ CARRY CHAIN  -----
Time=     600.0ns 
 S=010 
 Cin=0 
 a=11111111111111111111111111111111 
 b=11111111111111111111111111111111 
 d=11111111111111111111111111111110 
 ref=xxxxxxxxxxxxxxxxxxxxxxxxxxxxxxxx 
 Cout=1 
 CoutRef=1 
 V=0 
 Vref=0 

-----  TEST FOR A + B/ CARRY CHAIN  -----
Time=     620.0ns 
 S=010 
 Cin=0 
 a=10000000000000000000000000000000 
 b=10000000000000000000000000000000 
 d=00000000000000000000000000000000 
 ref=xxxxxxxxxxxxxxxxxxxxxxxxxxxxxxxx 
 Cout=1 
 CoutRef=1 
 V=1 
 Vref=1 

-----  TEST FOR A + B/ CARRY CHAIN  -----
Time=     640.0ns 
 S=010 
 Cin=0 
 a=01000000000000000000000000000000 
 b=01000000000000000000000000000000 
 d=10000000000000000000000000000000 
 ref=xxxxxxxxxxxxxxxxxxxxxxxxxxxxxxxx 
 Cout=0 
 CoutRef=0 
 V=1 
 Vref=1 

Time=     660.0ns 
 S=xxx 
 Cin=x 
 a=xxxxxxxxxxxxxxxxxxxxxxxxxxxxxxxx 
 b=xxxxxxxxxxxxxxxxxxxxxxxxxxxxxxxx 
 d=10000000000000000000000000000000 
 ref=xxxxxxxxxxxxxxxxxxxxxxxxxxxxxxxx 
 Cout=x 
 CoutRef=x 
 V=x 
 Vref=x 

---------YOU DID IT!! SIMULATION SUCCESFULLY FINISHED----------
 Number Of Errors =           0
 Total Test numbers =          32
 Total number of correct operations =          32
