Vivado Simulator 2016.4
Time resolution is 1 ps
ASSIGNING VALUE TO THE DBUS AND SELECTING DSEL REGISTER TO WRITE VALUE OF DBUS
Time=      25.0ns 
 clk =1 
 Dselect=00000010000000000000000000000000 
 dbus=01110110010101000011001000010000 

TEST READ OPERATION
Time=      50.0ns 
 clk =0 
 Aselect=00000010000000000000000000000000 
 Bselect=00000000000000000000000000000001 

Time=      70.0ns 
 clk =0 
 your abus=01110110010101000011001000010000 
 correct abus=01110110010101000011001000010000 
 your bbus=00000000000000000000000000000000 
 correct bbus=00000000000000000000000000000000 
  
END TEST READ OPERATION
ASSIGNING VALUE TO THE DBUS AND SELECTING DSEL REGISTER TO WRITE VALUE OF DBUS
Time=      75.0ns 
 clk =1 
 Dselect=00000000000000000001000000000000 
 dbus=11110100100000100000000000000000 

TEST READ OPERATION
Time=     100.0ns 
 clk =0 
 Aselect=00000000000000000001000000000000 
 Bselect=00000010000000000000000000000000 

Time=     120.0ns 
 clk =0 
 your abus=11110100100000100000000000000000 
 correct abus=11110100100000100000000000000000 
 your bbus=01110110010101000011001000010000 
 correct bbus=01110110010101000011001000010000 
  
END TEST READ OPERATION
ASSIGNING VALUE TO THE DBUS AND SELECTING DSEL REGISTER TO WRITE VALUE OF DBUS
Time=     125.0ns 
 clk =1 
 Dselect=00000000000000000000000000000001 
 dbus=00000000000000000001000100010001 

TEST READ OPERATION
Time=     150.0ns 
 clk =0 
 Aselect=00000000000000000000000000000001 
 Bselect=00000010000000000000000000000000 

Time=     170.0ns 
 clk =0 
 your abus=00000000000000000000000000000000 
 correct abus=00000000000000000000000000000000 
 your bbus=01110110010101000011001000010000 
 correct bbus=01110110010101000011001000010000 
  
END TEST READ OPERATION
ASSIGNING VALUE TO THE DBUS AND SELECTING DSEL REGISTER TO WRITE VALUE OF DBUS
Time=     175.0ns 
 clk =1 
 Dselect=00000000000000000000000001000000 
 dbus=10000000100001110110001001100011 

TEST READ OPERATION
Time=     200.0ns 
 clk =0 
 Aselect=00000000000000000001000000000000 
 Bselect=00000000000000000000000001000000 

Time=     220.0ns 
 clk =0 
 your abus=11110100100000100000000000000000 
 correct abus=11110100100000100000000000000000 
 your bbus=10000000100001110110001001100011 
 correct bbus=10000000100001110110001001100011 
  
END TEST READ OPERATION
ASSIGNING VALUE TO THE DBUS AND SELECTING DSEL REGISTER TO WRITE VALUE OF DBUS
Time=     225.0ns 
 clk =1 
 Dselect=00000000000001000000000000000000 
 dbus=00010000000100000001000000010000 

TEST READ OPERATION
Time=     250.0ns 
 clk =0 
 Aselect=00000000000001000000000000000000 
 Bselect=00000000000001000000000000000000 

Time=     270.0ns 
 clk =0 
 your abus=00010000000100000001000000010000 
 correct abus=00010000000100000001000000010000 
 your bbus=00010000000100000001000000010000 
 correct bbus=00010000000100000001000000010000 
  
END TEST READ OPERATION
ASSIGNING VALUE TO THE DBUS AND SELECTING DSEL REGISTER TO WRITE VALUE OF DBUS
Time=     275.0ns 
 clk =1 
 Dselect=10000000000000000000000000000000 
 dbus=00110011001100110011001100110011 

TEST READ OPERATION
Time=     300.0ns 
 clk =0 
 Aselect=00000000000000000001000000000000 
 Bselect=00000010000000000000000000000000 

Time=     320.0ns 
 clk =0 
 your abus=11110100100000100000000000000000 
 correct abus=11110100100000100000000000000000 
 your bbus=01110110010101000011001000010000 
 correct bbus=01110110010101000011001000010000 
  
END TEST READ OPERATION
ASSIGNING VALUE TO THE DBUS AND SELECTING DSEL REGISTER TO WRITE VALUE OF DBUS
Time=     325.0ns 
 clk =1 
 Dselect=00000000000000000000100000000000 
 dbus=00000000000000000110001011011110 

TEST READ OPERATION
Time=     350.0ns 
 clk =0 
 Aselect=00000000000000000000100000000000 
 Bselect=10000000000000000000000000000000 

Time=     370.0ns 
 clk =0 
 your abus=00000000000000000110001011011110 
 correct abus=00000000000000000110001011011110 
 your bbus=00110011001100110011001100110011 
 correct bbus=00110011001100110011001100110011 
  
END TEST READ OPERATION
ASSIGNING VALUE TO THE DBUS AND SELECTING DSEL REGISTER TO WRITE VALUE OF DBUS
Time=     375.0ns 
 clk =1 
 Dselect=00000000100000000000000000000000 
 dbus=10000011100001001000010110000110 

TEST READ OPERATION
Time=     400.0ns 
 clk =0 
 Aselect=00000000000000000000000001000000 
 Bselect=00000000000000000000000000000001 

Time=     420.0ns 
 clk =0 
 your abus=10000000100001110110001001100011 
 correct abus=10000000100001110110001001100011 
 your bbus=00000000000000000000000000000000 
 correct bbus=00000000000000000000000000000000 
  
END TEST READ OPERATION
ASSIGNING VALUE TO THE DBUS AND SELECTING DSEL REGISTER TO WRITE VALUE OF DBUS
Time=     425.0ns 
 clk =1 
 Dselect=00000000000000000000000000010000 
 dbus=10000000000000000000000000000000 

TEST READ OPERATION
Time=     450.0ns 
 clk =0 
 Aselect=00000000000000000000000000000001 
 Bselect=00000000100000000000000000000000 

Time=     470.0ns 
 clk =0 
 your abus=00000000000000000000000000000000 
 correct abus=00000000000000000000000000000000 
 your bbus=10000011100001001000010110000110 
 correct bbus=10000011100001001000010110000110 
  
END TEST READ OPERATION
ASSIGNING VALUE TO THE DBUS AND SELECTING DSEL REGISTER TO WRITE VALUE OF DBUS
Time=     475.0ns 
 clk =1 
 Dselect=00000100000000000000000000000000 
 dbus=11111111111111111100110011001100 

TEST READ OPERATION
Time=     500.0ns 
 clk =0 
 Aselect=00000100000000000000000000000000 
 Bselect=00000000000000000000000000010000 

Time=     520.0ns 
 clk =0 
 your abus=11111111111111111100110011001100 
 correct abus=11111111111111111100110011001100 
 your bbus=10000000000000000000000000000000 
 correct bbus=10000000000000000000000000000000 
  
END TEST READ OPERATION
ASSIGNING VALUE TO THE DBUS AND SELECTING DSEL REGISTER TO WRITE VALUE OF DBUS
Time=     525.0ns 
 clk =1 
 Dselect=00000000000000000100000000000000 
 dbus=11110011100100111111001110010011 

TEST READ OPERATION
Time=     550.0ns 
 clk =0 
 Aselect=00000010000000000000000000000000 
 Bselect=00000000000001000000000000000000 

Time=     570.0ns 
 clk =0 
 your abus=01110110010101000011001000010000 
 correct abus=01110110010101000011001000010000 
 your bbus=00010000000100000001000000010000 
 correct bbus=00010000000100000001000000010000 
  
END TEST READ OPERATION
ASSIGNING VALUE TO THE DBUS AND SELECTING DSEL REGISTER TO WRITE VALUE OF DBUS
Time=     575.0ns 
 clk =1 
 Dselect=00000000000000000000000000100000 
 dbus=00001111111011111110111111101111 

TEST READ OPERATION
Time=     600.0ns 
 clk =0 
 Aselect=00000000000000000000000000100000 
 Bselect=00000000000000000100000000000000 

Time=     620.0ns 
 clk =0 
 your abus=00001111111011111110111111101111 
 correct abus=00001111111011111110111111101111 
 your bbus=11110011100100111111001110010011 
 correct bbus=11110011100100111111001110010011 
  
END TEST READ OPERATION
ASSIGNING VALUE TO THE DBUS AND SELECTING DSEL REGISTER TO WRITE VALUE OF DBUS
Time=     625.0ns 
 clk =1 
 Dselect=00100000000000000000000000000000 
 dbus=00001001100001110110010101000011 

TEST READ OPERATION
Time=     650.0ns 
 clk =0 
 Aselect=10000000000000000000000000000000 
 Bselect=00000100000000000000000000000000 

Time=     670.0ns 
 clk =0 
 your abus=00110011001100110011001100110011 
 correct abus=00110011001100110011001100110011 
 your bbus=11111111111111111100110011001100 
 correct bbus=11111111111111111100110011001100 
  
END TEST READ OPERATION
ASSIGNING VALUE TO THE DBUS AND SELECTING DSEL REGISTER TO WRITE VALUE OF DBUS
Time=     675.0ns 
 clk =1 
 Dselect=00000001000000000000000000000000 
 dbus=00000001001000110100010101100111 

TEST READ OPERATION
Time=     700.0ns 
 clk =0 
 Aselect=00000000000000000000100000000000 
 Bselect=00000000000000000000000000100000 

Time=     720.0ns 
 clk =0 
 your abus=00000000000000000110001011011110 
 correct abus=00000000000000000110001011011110 
 your bbus=00001111111011111110111111101111 
 correct bbus=00001111111011111110111111101111 
  
END TEST READ OPERATION
ASSIGNING VALUE TO THE DBUS AND SELECTING DSEL REGISTER TO WRITE VALUE OF DBUS
Time=     725.0ns 
 clk =1 
 Dselect=00000000001000000000000000000000 
 dbus=00000000000000000000000000001000 

TEST READ OPERATION
Time=     750.0ns 
 clk =0 
 Aselect=00100000000000000000000000000000 
 Bselect=00000001000000000000000000000000 

Time=     770.0ns 
 clk =0 
 your abus=00001001100001110110010101000011 
 correct abus=00001001100001110110010101000011 
 your bbus=00000001001000110100010101100111 
 correct bbus=00000001001000110100010101100111 
  
END TEST READ OPERATION
ASSIGNING VALUE TO THE DBUS AND SELECTING DSEL REGISTER TO WRITE VALUE OF DBUS
Time=     775.0ns 
 clk =1 
 Dselect=00000000000000000000000100000000 
 dbus=11111111111111110000000000000000 

TEST READ OPERATION
Time=     800.0ns 
 clk =0 
 Aselect=00000000000000000000000001000000 
 Bselect=00000000001000000000000000000000 

Time=     820.0ns 
 clk =0 
 your abus=10000000100001110110001001100011 
 correct abus=10000000100001110110001001100011 
 your bbus=00000000000000000000000000001000 
 correct bbus=00000000000000000000000000001000 
  
END TEST READ OPERATION
ASSIGNING VALUE TO THE DBUS AND SELECTING DSEL REGISTER TO WRITE VALUE OF DBUS
Time=     825.0ns 
 clk =1 
 Dselect=00000000000000000000000000001000 
 dbus=11111111111111111111111111111111 

TEST READ OPERATION
Time=     850.0ns 
 clk =0 
 Aselect=00000000000000000000000000001000 
 Bselect=00000000000000000000000100000000 

Time=     870.0ns 
 clk =0 
 your abus=11111111111111111111111111111111 
 correct abus=11111111111111111111111111111111 
 your bbus=11111111111111110000000000000000 
 correct bbus=11111111111111110000000000000000 
  
END TEST READ OPERATION
ASSIGNING VALUE TO THE DBUS AND SELECTING DSEL REGISTER TO WRITE VALUE OF DBUS
Time=     875.0ns 
 clk =1 
 Dselect=00000000000000010000000000000000 
 dbus=00000000000000001111111010101011 

TEST READ OPERATION
Time=     900.0ns 
 clk =0 
 Aselect=00000000100000000000000000000000 
 Bselect=00000000000000000000000000001000 

Time=     920.0ns 
 clk =0 
 your abus=10000011100001001000010110000110 
 correct abus=10000011100001001000010110000110 
 your bbus=11111111111111111111111111111111 
 correct bbus=11111111111111111111111111111111 
  
END TEST READ OPERATION
ASSIGNING VALUE TO THE DBUS AND SELECTING DSEL REGISTER TO WRITE VALUE OF DBUS
Time=     925.0ns 
 clk =1 
 Dselect=00010000000000000000000000000000 
 dbus=01010000011000000000000000000000 

TEST READ OPERATION
Time=     950.0ns 
 clk =0 
 Aselect=00000000000000010000000000000000 
 Bselect=00010000000000000000000000000000 

Time=     970.0ns 
 clk =0 
 your abus=00000000000000001111111010101011 
 correct abus=00000000000000001111111010101011 
 your bbus=01010000011000000000000000000000 
 correct bbus=01010000011000000000000000000000 
  
END TEST READ OPERATION
ASSIGNING VALUE TO THE DBUS AND SELECTING DSEL REGISTER TO WRITE VALUE OF DBUS
Time=     975.0ns 
 clk =1 
 Dselect=00000000000000100000000000000000 
 dbus=10001000100010000111011101110111 

TEST READ OPERATION
Time=    1000.0ns 
 clk =0 
 Aselect=00000000000000100000000000000000 
 Bselect=00000000000000000000000000000001 

