#-----------------------------------------------------------
# Vivado v2016.4 (64-bit)
# SW Build 1756540 on Mon Jan 23 19:11:23 MST 2017
# IP Build 1755317 on Mon Jan 23 20:30:07 MST 2017
# Start of session at: Wed Jun 07 00:58:17 2017
# Process ID: 20536
# Current directory: C:/Users/widerw/OneDrive - Wentworth Institute of Technology/College/2_Junior/Semester 2/Comp Arch and Adv Dig Circ/vivado/assignment_3
# Command line: vivado.exe -gui_launcher_event rodinguilauncherevent21272 C:\Users\widerw\OneDrive - Wentworth Institute of Technology\College\2_Junior\Semester 2\Comp Arch and Adv Dig Circ\vivado\assignment_3\assignment_3.xpr
# Log file: C:/Users/widerw/OneDrive - Wentworth Institute of Technology/College/2_Junior/Semester 2/Comp Arch and Adv Dig Circ/vivado/assignment_3/vivado.log
# Journal file: C:/Users/widerw/OneDrive - Wentworth Institute of Technology/College/2_Junior/Semester 2/Comp Arch and Adv Dig Circ/vivado/assignment_3\vivado.jou
#-----------------------------------------------------------
start_gui
open_project {C:/Users/widerw/OneDrive - Wentworth Institute of Technology/College/2_Junior/Semester 2/Comp Arch and Adv Dig Circ/vivado/assignment_3/assignment_3.xpr}
INFO: [ProjectBase 1-489] The host OS only allows 260 characters in a normal path. The project is stored in a path with more than 80 characters. If you experience issues with IP, Block Designs, or files not being found, please consider moving the project to a location with a shorter path. Alternately consider using the OS subst command to map part of the path to a drive letter.
Current project path is 'C:/Users/widerw/OneDrive - Wentworth Institute of Technology/College/2_Junior/Semester 2/Comp Arch and Adv Dig Circ/vivado/assignment_3'
CRITICAL WARNING: [Project 1-19] Could not find the file 'C:/Users/widerw/OneDrive - Wentworth Institute of Technology/College/2_Junior/Semester 2/Comp Arch and Adv Dig Circ/vivado/assignment_3/regfil_testbench_behav.wcfg'.
Scanning sources...
Finished scanning sources
INFO: [IP_Flow 19-234] Refreshing IP repositories
INFO: [IP_Flow 19-1704] No user IP repositories specified
INFO: [IP_Flow 19-2313] Loaded Vivado IP repository 'C:/Xilinx/Vivado/2016.4/data/ip'.
exit
INFO: [Common 17-206] Exiting Vivado at Wed Jun 07 01:02:31 2017...
