
*** Running vivado
    with args -log alupipe_testbench.vds -m64 -product Vivado -mode batch -messageDb vivado.pb -notrace -source alupipe_testbench.tcl


****** Vivado v2016.4 (64-bit)
  **** SW Build 1756540 on Mon Jan 23 19:11:23 MST 2017
  **** IP Build 1755317 on Mon Jan 23 20:30:07 MST 2017
    ** Copyright 1986-2016 Xilinx, Inc. All Rights Reserved.

source alupipe_testbench.tcl -notrace
Command: synth_design -top alupipe_testbench -part xc7k70tfbv676-1
Starting synth_design
Attempting to get a license for feature 'Synthesis' and/or device 'xc7k70t'
INFO: [Common 17-349] Got license for feature 'Synthesis' and/or device 'xc7k70t'
INFO: Launching helper process for spawning children vivado processes
INFO: Helper process launched with PID 2612 
---------------------------------------------------------------------------------
Starting Synthesize : Time (s): cpu = 00:00:17 ; elapsed = 00:00:21 . Memory (MB): peak = 282.637 ; gain = 72.535
---------------------------------------------------------------------------------
INFO: [Synth 8-638] synthesizing module 'alupipe_testbench' [C:/Users/widerw/OneDrive - Wentworth Institute of Technology/College/2_Junior/Semester 2/Computer Arch and Advanced Digital Circuit/vivado/assignment_2/alupipe_testbench.v:2]
WARNING: [Synth 8-311] ignoring non-constant assignment in initial block [C:/Users/widerw/OneDrive - Wentworth Institute of Technology/College/2_Junior/Semester 2/Computer Arch and Advanced Digital Circuit/vivado/assignment_2/alupipe_testbench.v:76]
WARNING: [Synth 8-311] ignoring non-constant assignment in initial block [C:/Users/widerw/OneDrive - Wentworth Institute of Technology/College/2_Junior/Semester 2/Computer Arch and Advanced Digital Circuit/vivado/assignment_2/alupipe_testbench.v:76]
WARNING: [Synth 8-311] ignoring non-constant assignment in initial block [C:/Users/widerw/OneDrive - Wentworth Institute of Technology/College/2_Junior/Semester 2/Computer Arch and Advanced Digital Circuit/vivado/assignment_2/alupipe_testbench.v:76]
WARNING: [Synth 8-311] ignoring non-constant assignment in initial block [C:/Users/widerw/OneDrive - Wentworth Institute of Technology/College/2_Junior/Semester 2/Computer Arch and Advanced Digital Circuit/vivado/assignment_2/alupipe_testbench.v:76]
WARNING: [Synth 8-311] ignoring non-constant assignment in initial block [C:/Users/widerw/OneDrive - Wentworth Institute of Technology/College/2_Junior/Semester 2/Computer Arch and Advanced Digital Circuit/vivado/assignment_2/alupipe_testbench.v:78]
WARNING: [Synth 8-311] ignoring non-constant assignment in initial block [C:/Users/widerw/OneDrive - Wentworth Institute of Technology/College/2_Junior/Semester 2/Computer Arch and Advanced Digital Circuit/vivado/assignment_2/alupipe_testbench.v:78]
WARNING: [Synth 8-311] ignoring non-constant assignment in initial block [C:/Users/widerw/OneDrive - Wentworth Institute of Technology/College/2_Junior/Semester 2/Computer Arch and Advanced Digital Circuit/vivado/assignment_2/alupipe_testbench.v:76]
WARNING: [Synth 8-311] ignoring non-constant assignment in initial block [C:/Users/widerw/OneDrive - Wentworth Institute of Technology/College/2_Junior/Semester 2/Computer Arch and Advanced Digital Circuit/vivado/assignment_2/alupipe_testbench.v:76]
WARNING: [Synth 8-311] ignoring non-constant assignment in initial block [C:/Users/widerw/OneDrive - Wentworth Institute of Technology/College/2_Junior/Semester 2/Computer Arch and Advanced Digital Circuit/vivado/assignment_2/alupipe_testbench.v:78]
WARNING: [Synth 8-311] ignoring non-constant assignment in initial block [C:/Users/widerw/OneDrive - Wentworth Institute of Technology/College/2_Junior/Semester 2/Computer Arch and Advanced Digital Circuit/vivado/assignment_2/alupipe_testbench.v:78]
WARNING: [Synth 8-589] replacing case/wildcard equality operator !== with logical equality operator != [C:/Users/widerw/OneDrive - Wentworth Institute of Technology/College/2_Junior/Semester 2/Computer Arch and Advanced Digital Circuit/vivado/assignment_2/alupipe_testbench.v:109]
WARNING: [Synth 8-589] replacing case/wildcard equality operator !== with logical equality operator != [C:/Users/widerw/OneDrive - Wentworth Institute of Technology/College/2_Junior/Semester 2/Computer Arch and Advanced Digital Circuit/vivado/assignment_2/alupipe_testbench.v:109]
WARNING: [Synth 8-311] ignoring non-constant assignment in initial block [C:/Users/widerw/OneDrive - Wentworth Institute of Technology/College/2_Junior/Semester 2/Computer Arch and Advanced Digital Circuit/vivado/assignment_2/alupipe_testbench.v:76]
WARNING: [Synth 8-311] ignoring non-constant assignment in initial block [C:/Users/widerw/OneDrive - Wentworth Institute of Technology/College/2_Junior/Semester 2/Computer Arch and Advanced Digital Circuit/vivado/assignment_2/alupipe_testbench.v:76]
WARNING: [Synth 8-311] ignoring non-constant assignment in initial block [C:/Users/widerw/OneDrive - Wentworth Institute of Technology/College/2_Junior/Semester 2/Computer Arch and Advanced Digital Circuit/vivado/assignment_2/alupipe_testbench.v:78]
WARNING: [Synth 8-311] ignoring non-constant assignment in initial block [C:/Users/widerw/OneDrive - Wentworth Institute of Technology/College/2_Junior/Semester 2/Computer Arch and Advanced Digital Circuit/vivado/assignment_2/alupipe_testbench.v:78]
WARNING: [Synth 8-589] replacing case/wildcard equality operator !== with logical equality operator != [C:/Users/widerw/OneDrive - Wentworth Institute of Technology/College/2_Junior/Semester 2/Computer Arch and Advanced Digital Circuit/vivado/assignment_2/alupipe_testbench.v:109]
WARNING: [Synth 8-589] replacing case/wildcard equality operator !== with logical equality operator != [C:/Users/widerw/OneDrive - Wentworth Institute of Technology/College/2_Junior/Semester 2/Computer Arch and Advanced Digital Circuit/vivado/assignment_2/alupipe_testbench.v:109]
WARNING: [Synth 8-311] ignoring non-constant assignment in initial block [C:/Users/widerw/OneDrive - Wentworth Institute of Technology/College/2_Junior/Semester 2/Computer Arch and Advanced Digital Circuit/vivado/assignment_2/alupipe_testbench.v:76]
WARNING: [Synth 8-311] ignoring non-constant assignment in initial block [C:/Users/widerw/OneDrive - Wentworth Institute of Technology/College/2_Junior/Semester 2/Computer Arch and Advanced Digital Circuit/vivado/assignment_2/alupipe_testbench.v:76]
WARNING: [Synth 8-311] ignoring non-constant assignment in initial block [C:/Users/widerw/OneDrive - Wentworth Institute of Technology/College/2_Junior/Semester 2/Computer Arch and Advanced Digital Circuit/vivado/assignment_2/alupipe_testbench.v:78]
WARNING: [Synth 8-311] ignoring non-constant assignment in initial block [C:/Users/widerw/OneDrive - Wentworth Institute of Technology/College/2_Junior/Semester 2/Computer Arch and Advanced Digital Circuit/vivado/assignment_2/alupipe_testbench.v:78]
WARNING: [Synth 8-589] replacing case/wildcard equality operator !== with logical equality operator != [C:/Users/widerw/OneDrive - Wentworth Institute of Technology/College/2_Junior/Semester 2/Computer Arch and Advanced Digital Circuit/vivado/assignment_2/alupipe_testbench.v:109]
WARNING: [Synth 8-589] replacing case/wildcard equality operator !== with logical equality operator != [C:/Users/widerw/OneDrive - Wentworth Institute of Technology/College/2_Junior/Semester 2/Computer Arch and Advanced Digital Circuit/vivado/assignment_2/alupipe_testbench.v:109]
WARNING: [Synth 8-311] ignoring non-constant assignment in initial block [C:/Users/widerw/OneDrive - Wentworth Institute of Technology/College/2_Junior/Semester 2/Computer Arch and Advanced Digital Circuit/vivado/assignment_2/alupipe_testbench.v:76]
WARNING: [Synth 8-311] ignoring non-constant assignment in initial block [C:/Users/widerw/OneDrive - Wentworth Institute of Technology/College/2_Junior/Semester 2/Computer Arch and Advanced Digital Circuit/vivado/assignment_2/alupipe_testbench.v:76]
WARNING: [Synth 8-311] ignoring non-constant assignment in initial block [C:/Users/widerw/OneDrive - Wentworth Institute of Technology/College/2_Junior/Semester 2/Computer Arch and Advanced Digital Circuit/vivado/assignment_2/alupipe_testbench.v:78]
WARNING: [Synth 8-311] ignoring non-constant assignment in initial block [C:/Users/widerw/OneDrive - Wentworth Institute of Technology/College/2_Junior/Semester 2/Computer Arch and Advanced Digital Circuit/vivado/assignment_2/alupipe_testbench.v:78]
WARNING: [Synth 8-589] replacing case/wildcard equality operator !== with logical equality operator != [C:/Users/widerw/OneDrive - Wentworth Institute of Technology/College/2_Junior/Semester 2/Computer Arch and Advanced Digital Circuit/vivado/assignment_2/alupipe_testbench.v:109]
WARNING: [Synth 8-589] replacing case/wildcard equality operator !== with logical equality operator != [C:/Users/widerw/OneDrive - Wentworth Institute of Technology/College/2_Junior/Semester 2/Computer Arch and Advanced Digital Circuit/vivado/assignment_2/alupipe_testbench.v:109]
WARNING: [Synth 8-311] ignoring non-constant assignment in initial block [C:/Users/widerw/OneDrive - Wentworth Institute of Technology/College/2_Junior/Semester 2/Computer Arch and Advanced Digital Circuit/vivado/assignment_2/alupipe_testbench.v:76]
WARNING: [Synth 8-311] ignoring non-constant assignment in initial block [C:/Users/widerw/OneDrive - Wentworth Institute of Technology/College/2_Junior/Semester 2/Computer Arch and Advanced Digital Circuit/vivado/assignment_2/alupipe_testbench.v:76]
WARNING: [Synth 8-311] ignoring non-constant assignment in initial block [C:/Users/widerw/OneDrive - Wentworth Institute of Technology/College/2_Junior/Semester 2/Computer Arch and Advanced Digital Circuit/vivado/assignment_2/alupipe_testbench.v:78]
WARNING: [Synth 8-311] ignoring non-constant assignment in initial block [C:/Users/widerw/OneDrive - Wentworth Institute of Technology/College/2_Junior/Semester 2/Computer Arch and Advanced Digital Circuit/vivado/assignment_2/alupipe_testbench.v:78]
WARNING: [Synth 8-589] replacing case/wildcard equality operator !== with logical equality operator != [C:/Users/widerw/OneDrive - Wentworth Institute of Technology/College/2_Junior/Semester 2/Computer Arch and Advanced Digital Circuit/vivado/assignment_2/alupipe_testbench.v:109]
WARNING: [Synth 8-589] replacing case/wildcard equality operator !== with logical equality operator != [C:/Users/widerw/OneDrive - Wentworth Institute of Technology/College/2_Junior/Semester 2/Computer Arch and Advanced Digital Circuit/vivado/assignment_2/alupipe_testbench.v:109]
WARNING: [Synth 8-311] ignoring non-constant assignment in initial block [C:/Users/widerw/OneDrive - Wentworth Institute of Technology/College/2_Junior/Semester 2/Computer Arch and Advanced Digital Circuit/vivado/assignment_2/alupipe_testbench.v:76]
WARNING: [Synth 8-311] ignoring non-constant assignment in initial block [C:/Users/widerw/OneDrive - Wentworth Institute of Technology/College/2_Junior/Semester 2/Computer Arch and Advanced Digital Circuit/vivado/assignment_2/alupipe_testbench.v:76]
WARNING: [Synth 8-311] ignoring non-constant assignment in initial block [C:/Users/widerw/OneDrive - Wentworth Institute of Technology/College/2_Junior/Semester 2/Computer Arch and Advanced Digital Circuit/vivado/assignment_2/alupipe_testbench.v:78]
WARNING: [Synth 8-311] ignoring non-constant assignment in initial block [C:/Users/widerw/OneDrive - Wentworth Institute of Technology/College/2_Junior/Semester 2/Computer Arch and Advanced Digital Circuit/vivado/assignment_2/alupipe_testbench.v:78]
WARNING: [Synth 8-589] replacing case/wildcard equality operator !== with logical equality operator != [C:/Users/widerw/OneDrive - Wentworth Institute of Technology/College/2_Junior/Semester 2/Computer Arch and Advanced Digital Circuit/vivado/assignment_2/alupipe_testbench.v:109]
WARNING: [Synth 8-589] replacing case/wildcard equality operator !== with logical equality operator != [C:/Users/widerw/OneDrive - Wentworth Institute of Technology/College/2_Junior/Semester 2/Computer Arch and Advanced Digital Circuit/vivado/assignment_2/alupipe_testbench.v:109]
WARNING: [Synth 8-311] ignoring non-constant assignment in initial block [C:/Users/widerw/OneDrive - Wentworth Institute of Technology/College/2_Junior/Semester 2/Computer Arch and Advanced Digital Circuit/vivado/assignment_2/alupipe_testbench.v:76]
WARNING: [Synth 8-311] ignoring non-constant assignment in initial block [C:/Users/widerw/OneDrive - Wentworth Institute of Technology/College/2_Junior/Semester 2/Computer Arch and Advanced Digital Circuit/vivado/assignment_2/alupipe_testbench.v:76]
WARNING: [Synth 8-311] ignoring non-constant assignment in initial block [C:/Users/widerw/OneDrive - Wentworth Institute of Technology/College/2_Junior/Semester 2/Computer Arch and Advanced Digital Circuit/vivado/assignment_2/alupipe_testbench.v:78]
WARNING: [Synth 8-311] ignoring non-constant assignment in initial block [C:/Users/widerw/OneDrive - Wentworth Institute of Technology/College/2_Junior/Semester 2/Computer Arch and Advanced Digital Circuit/vivado/assignment_2/alupipe_testbench.v:78]
WARNING: [Synth 8-589] replacing case/wildcard equality operator !== with logical equality operator != [C:/Users/widerw/OneDrive - Wentworth Institute of Technology/College/2_Junior/Semester 2/Computer Arch and Advanced Digital Circuit/vivado/assignment_2/alupipe_testbench.v:109]
WARNING: [Synth 8-589] replacing case/wildcard equality operator !== with logical equality operator != [C:/Users/widerw/OneDrive - Wentworth Institute of Technology/College/2_Junior/Semester 2/Computer Arch and Advanced Digital Circuit/vivado/assignment_2/alupipe_testbench.v:109]
WARNING: [Synth 8-311] ignoring non-constant assignment in initial block [C:/Users/widerw/OneDrive - Wentworth Institute of Technology/College/2_Junior/Semester 2/Computer Arch and Advanced Digital Circuit/vivado/assignment_2/alupipe_testbench.v:76]
WARNING: [Synth 8-311] ignoring non-constant assignment in initial block [C:/Users/widerw/OneDrive - Wentworth Institute of Technology/College/2_Junior/Semester 2/Computer Arch and Advanced Digital Circuit/vivado/assignment_2/alupipe_testbench.v:76]
WARNING: [Synth 8-311] ignoring non-constant assignment in initial block [C:/Users/widerw/OneDrive - Wentworth Institute of Technology/College/2_Junior/Semester 2/Computer Arch and Advanced Digital Circuit/vivado/assignment_2/alupipe_testbench.v:78]
WARNING: [Synth 8-311] ignoring non-constant assignment in initial block [C:/Users/widerw/OneDrive - Wentworth Institute of Technology/College/2_Junior/Semester 2/Computer Arch and Advanced Digital Circuit/vivado/assignment_2/alupipe_testbench.v:78]
WARNING: [Synth 8-589] replacing case/wildcard equality operator !== with logical equality operator != [C:/Users/widerw/OneDrive - Wentworth Institute of Technology/College/2_Junior/Semester 2/Computer Arch and Advanced Digital Circuit/vivado/assignment_2/alupipe_testbench.v:109]
WARNING: [Synth 8-589] replacing case/wildcard equality operator !== with logical equality operator != [C:/Users/widerw/OneDrive - Wentworth Institute of Technology/College/2_Junior/Semester 2/Computer Arch and Advanced Digital Circuit/vivado/assignment_2/alupipe_testbench.v:109]
WARNING: [Synth 8-311] ignoring non-constant assignment in initial block [C:/Users/widerw/OneDrive - Wentworth Institute of Technology/College/2_Junior/Semester 2/Computer Arch and Advanced Digital Circuit/vivado/assignment_2/alupipe_testbench.v:76]
WARNING: [Synth 8-311] ignoring non-constant assignment in initial block [C:/Users/widerw/OneDrive - Wentworth Institute of Technology/College/2_Junior/Semester 2/Computer Arch and Advanced Digital Circuit/vivado/assignment_2/alupipe_testbench.v:76]
WARNING: [Synth 8-311] ignoring non-constant assignment in initial block [C:/Users/widerw/OneDrive - Wentworth Institute of Technology/College/2_Junior/Semester 2/Computer Arch and Advanced Digital Circuit/vivado/assignment_2/alupipe_testbench.v:78]
WARNING: [Synth 8-311] ignoring non-constant assignment in initial block [C:/Users/widerw/OneDrive - Wentworth Institute of Technology/College/2_Junior/Semester 2/Computer Arch and Advanced Digital Circuit/vivado/assignment_2/alupipe_testbench.v:78]
WARNING: [Synth 8-589] replacing case/wildcard equality operator !== with logical equality operator != [C:/Users/widerw/OneDrive - Wentworth Institute of Technology/College/2_Junior/Semester 2/Computer Arch and Advanced Digital Circuit/vivado/assignment_2/alupipe_testbench.v:109]
WARNING: [Synth 8-589] replacing case/wildcard equality operator !== with logical equality operator != [C:/Users/widerw/OneDrive - Wentworth Institute of Technology/College/2_Junior/Semester 2/Computer Arch and Advanced Digital Circuit/vivado/assignment_2/alupipe_testbench.v:109]
WARNING: [Synth 8-311] ignoring non-constant assignment in initial block [C:/Users/widerw/OneDrive - Wentworth Institute of Technology/College/2_Junior/Semester 2/Computer Arch and Advanced Digital Circuit/vivado/assignment_2/alupipe_testbench.v:76]
WARNING: [Synth 8-311] ignoring non-constant assignment in initial block [C:/Users/widerw/OneDrive - Wentworth Institute of Technology/College/2_Junior/Semester 2/Computer Arch and Advanced Digital Circuit/vivado/assignment_2/alupipe_testbench.v:76]
WARNING: [Synth 8-311] ignoring non-constant assignment in initial block [C:/Users/widerw/OneDrive - Wentworth Institute of Technology/College/2_Junior/Semester 2/Computer Arch and Advanced Digital Circuit/vivado/assignment_2/alupipe_testbench.v:78]
WARNING: [Synth 8-311] ignoring non-constant assignment in initial block [C:/Users/widerw/OneDrive - Wentworth Institute of Technology/College/2_Junior/Semester 2/Computer Arch and Advanced Digital Circuit/vivado/assignment_2/alupipe_testbench.v:78]
WARNING: [Synth 8-589] replacing case/wildcard equality operator !== with logical equality operator != [C:/Users/widerw/OneDrive - Wentworth Institute of Technology/College/2_Junior/Semester 2/Computer Arch and Advanced Digital Circuit/vivado/assignment_2/alupipe_testbench.v:109]
WARNING: [Synth 8-589] replacing case/wildcard equality operator !== with logical equality operator != [C:/Users/widerw/OneDrive - Wentworth Institute of Technology/College/2_Junior/Semester 2/Computer Arch and Advanced Digital Circuit/vivado/assignment_2/alupipe_testbench.v:109]
WARNING: [Synth 8-311] ignoring non-constant assignment in initial block [C:/Users/widerw/OneDrive - Wentworth Institute of Technology/College/2_Junior/Semester 2/Computer Arch and Advanced Digital Circuit/vivado/assignment_2/alupipe_testbench.v:76]
WARNING: [Synth 8-311] ignoring non-constant assignment in initial block [C:/Users/widerw/OneDrive - Wentworth Institute of Technology/College/2_Junior/Semester 2/Computer Arch and Advanced Digital Circuit/vivado/assignment_2/alupipe_testbench.v:76]
WARNING: [Synth 8-311] ignoring non-constant assignment in initial block [C:/Users/widerw/OneDrive - Wentworth Institute of Technology/College/2_Junior/Semester 2/Computer Arch and Advanced Digital Circuit/vivado/assignment_2/alupipe_testbench.v:78]
WARNING: [Synth 8-311] ignoring non-constant assignment in initial block [C:/Users/widerw/OneDrive - Wentworth Institute of Technology/College/2_Junior/Semester 2/Computer Arch and Advanced Digital Circuit/vivado/assignment_2/alupipe_testbench.v:78]
WARNING: [Synth 8-589] replacing case/wildcard equality operator !== with logical equality operator != [C:/Users/widerw/OneDrive - Wentworth Institute of Technology/College/2_Junior/Semester 2/Computer Arch and Advanced Digital Circuit/vivado/assignment_2/alupipe_testbench.v:109]
WARNING: [Synth 8-589] replacing case/wildcard equality operator !== with logical equality operator != [C:/Users/widerw/OneDrive - Wentworth Institute of Technology/College/2_Junior/Semester 2/Computer Arch and Advanced Digital Circuit/vivado/assignment_2/alupipe_testbench.v:109]
WARNING: [Synth 8-311] ignoring non-constant assignment in initial block [C:/Users/widerw/OneDrive - Wentworth Institute of Technology/College/2_Junior/Semester 2/Computer Arch and Advanced Digital Circuit/vivado/assignment_2/alupipe_testbench.v:76]
WARNING: [Synth 8-311] ignoring non-constant assignment in initial block [C:/Users/widerw/OneDrive - Wentworth Institute of Technology/College/2_Junior/Semester 2/Computer Arch and Advanced Digital Circuit/vivado/assignment_2/alupipe_testbench.v:76]
WARNING: [Synth 8-311] ignoring non-constant assignment in initial block [C:/Users/widerw/OneDrive - Wentworth Institute of Technology/College/2_Junior/Semester 2/Computer Arch and Advanced Digital Circuit/vivado/assignment_2/alupipe_testbench.v:78]
WARNING: [Synth 8-311] ignoring non-constant assignment in initial block [C:/Users/widerw/OneDrive - Wentworth Institute of Technology/College/2_Junior/Semester 2/Computer Arch and Advanced Digital Circuit/vivado/assignment_2/alupipe_testbench.v:78]
WARNING: [Synth 8-589] replacing case/wildcard equality operator !== with logical equality operator != [C:/Users/widerw/OneDrive - Wentworth Institute of Technology/College/2_Junior/Semester 2/Computer Arch and Advanced Digital Circuit/vivado/assignment_2/alupipe_testbench.v:109]
WARNING: [Synth 8-589] replacing case/wildcard equality operator !== with logical equality operator != [C:/Users/widerw/OneDrive - Wentworth Institute of Technology/College/2_Junior/Semester 2/Computer Arch and Advanced Digital Circuit/vivado/assignment_2/alupipe_testbench.v:109]
WARNING: [Synth 8-311] ignoring non-constant assignment in initial block [C:/Users/widerw/OneDrive - Wentworth Institute of Technology/College/2_Junior/Semester 2/Computer Arch and Advanced Digital Circuit/vivado/assignment_2/alupipe_testbench.v:76]
WARNING: [Synth 8-311] ignoring non-constant assignment in initial block [C:/Users/widerw/OneDrive - Wentworth Institute of Technology/College/2_Junior/Semester 2/Computer Arch and Advanced Digital Circuit/vivado/assignment_2/alupipe_testbench.v:76]
WARNING: [Synth 8-311] ignoring non-constant assignment in initial block [C:/Users/widerw/OneDrive - Wentworth Institute of Technology/College/2_Junior/Semester 2/Computer Arch and Advanced Digital Circuit/vivado/assignment_2/alupipe_testbench.v:78]
WARNING: [Synth 8-311] ignoring non-constant assignment in initial block [C:/Users/widerw/OneDrive - Wentworth Institute of Technology/College/2_Junior/Semester 2/Computer Arch and Advanced Digital Circuit/vivado/assignment_2/alupipe_testbench.v:78]
WARNING: [Synth 8-589] replacing case/wildcard equality operator !== with logical equality operator != [C:/Users/widerw/OneDrive - Wentworth Institute of Technology/College/2_Junior/Semester 2/Computer Arch and Advanced Digital Circuit/vivado/assignment_2/alupipe_testbench.v:109]
WARNING: [Synth 8-589] replacing case/wildcard equality operator !== with logical equality operator != [C:/Users/widerw/OneDrive - Wentworth Institute of Technology/College/2_Junior/Semester 2/Computer Arch and Advanced Digital Circuit/vivado/assignment_2/alupipe_testbench.v:109]
WARNING: [Synth 8-311] ignoring non-constant assignment in initial block [C:/Users/widerw/OneDrive - Wentworth Institute of Technology/College/2_Junior/Semester 2/Computer Arch and Advanced Digital Circuit/vivado/assignment_2/alupipe_testbench.v:76]
WARNING: [Synth 8-311] ignoring non-constant assignment in initial block [C:/Users/widerw/OneDrive - Wentworth Institute of Technology/College/2_Junior/Semester 2/Computer Arch and Advanced Digital Circuit/vivado/assignment_2/alupipe_testbench.v:76]
WARNING: [Synth 8-311] ignoring non-constant assignment in initial block [C:/Users/widerw/OneDrive - Wentworth Institute of Technology/College/2_Junior/Semester 2/Computer Arch and Advanced Digital Circuit/vivado/assignment_2/alupipe_testbench.v:78]
WARNING: [Synth 8-311] ignoring non-constant assignment in initial block [C:/Users/widerw/OneDrive - Wentworth Institute of Technology/College/2_Junior/Semester 2/Computer Arch and Advanced Digital Circuit/vivado/assignment_2/alupipe_testbench.v:78]
WARNING: [Synth 8-589] replacing case/wildcard equality operator !== with logical equality operator != [C:/Users/widerw/OneDrive - Wentworth Institute of Technology/College/2_Junior/Semester 2/Computer Arch and Advanced Digital Circuit/vivado/assignment_2/alupipe_testbench.v:109]
WARNING: [Synth 8-589] replacing case/wildcard equality operator !== with logical equality operator != [C:/Users/widerw/OneDrive - Wentworth Institute of Technology/College/2_Junior/Semester 2/Computer Arch and Advanced Digital Circuit/vivado/assignment_2/alupipe_testbench.v:109]
WARNING: [Synth 8-311] ignoring non-constant assignment in initial block [C:/Users/widerw/OneDrive - Wentworth Institute of Technology/College/2_Junior/Semester 2/Computer Arch and Advanced Digital Circuit/vivado/assignment_2/alupipe_testbench.v:76]
WARNING: [Synth 8-311] ignoring non-constant assignment in initial block [C:/Users/widerw/OneDrive - Wentworth Institute of Technology/College/2_Junior/Semester 2/Computer Arch and Advanced Digital Circuit/vivado/assignment_2/alupipe_testbench.v:76]
WARNING: [Synth 8-311] ignoring non-constant assignment in initial block [C:/Users/widerw/OneDrive - Wentworth Institute of Technology/College/2_Junior/Semester 2/Computer Arch and Advanced Digital Circuit/vivado/assignment_2/alupipe_testbench.v:78]
WARNING: [Synth 8-311] ignoring non-constant assignment in initial block [C:/Users/widerw/OneDrive - Wentworth Institute of Technology/College/2_Junior/Semester 2/Computer Arch and Advanced Digital Circuit/vivado/assignment_2/alupipe_testbench.v:78]
WARNING: [Synth 8-589] replacing case/wildcard equality operator !== with logical equality operator != [C:/Users/widerw/OneDrive - Wentworth Institute of Technology/College/2_Junior/Semester 2/Computer Arch and Advanced Digital Circuit/vivado/assignment_2/alupipe_testbench.v:109]
WARNING: [Synth 8-589] replacing case/wildcard equality operator !== with logical equality operator != [C:/Users/widerw/OneDrive - Wentworth Institute of Technology/College/2_Junior/Semester 2/Computer Arch and Advanced Digital Circuit/vivado/assignment_2/alupipe_testbench.v:109]
WARNING: [Synth 8-311] ignoring non-constant assignment in initial block [C:/Users/widerw/OneDrive - Wentworth Institute of Technology/College/2_Junior/Semester 2/Computer Arch and Advanced Digital Circuit/vivado/assignment_2/alupipe_testbench.v:76]
WARNING: [Synth 8-311] ignoring non-constant assignment in initial block [C:/Users/widerw/OneDrive - Wentworth Institute of Technology/College/2_Junior/Semester 2/Computer Arch and Advanced Digital Circuit/vivado/assignment_2/alupipe_testbench.v:76]
WARNING: [Synth 8-311] ignoring non-constant assignment in initial block [C:/Users/widerw/OneDrive - Wentworth Institute of Technology/College/2_Junior/Semester 2/Computer Arch and Advanced Digital Circuit/vivado/assignment_2/alupipe_testbench.v:78]
WARNING: [Synth 8-311] ignoring non-constant assignment in initial block [C:/Users/widerw/OneDrive - Wentworth Institute of Technology/College/2_Junior/Semester 2/Computer Arch and Advanced Digital Circuit/vivado/assignment_2/alupipe_testbench.v:78]
WARNING: [Synth 8-589] replacing case/wildcard equality operator !== with logical equality operator != [C:/Users/widerw/OneDrive - Wentworth Institute of Technology/College/2_Junior/Semester 2/Computer Arch and Advanced Digital Circuit/vivado/assignment_2/alupipe_testbench.v:109]
WARNING: [Synth 8-589] replacing case/wildcard equality operator !== with logical equality operator != [C:/Users/widerw/OneDrive - Wentworth Institute of Technology/College/2_Junior/Semester 2/Computer Arch and Advanced Digital Circuit/vivado/assignment_2/alupipe_testbench.v:109]
WARNING: [Synth 8-311] ignoring non-constant assignment in initial block [C:/Users/widerw/OneDrive - Wentworth Institute of Technology/College/2_Junior/Semester 2/Computer Arch and Advanced Digital Circuit/vivado/assignment_2/alupipe_testbench.v:76]
WARNING: [Synth 8-311] ignoring non-constant assignment in initial block [C:/Users/widerw/OneDrive - Wentworth Institute of Technology/College/2_Junior/Semester 2/Computer Arch and Advanced Digital Circuit/vivado/assignment_2/alupipe_testbench.v:76]
WARNING: [Synth 8-311] ignoring non-constant assignment in initial block [C:/Users/widerw/OneDrive - Wentworth Institute of Technology/College/2_Junior/Semester 2/Computer Arch and Advanced Digital Circuit/vivado/assignment_2/alupipe_testbench.v:78]
WARNING: [Synth 8-311] ignoring non-constant assignment in initial block [C:/Users/widerw/OneDrive - Wentworth Institute of Technology/College/2_Junior/Semester 2/Computer Arch and Advanced Digital Circuit/vivado/assignment_2/alupipe_testbench.v:78]
WARNING: [Synth 8-589] replacing case/wildcard equality operator !== with logical equality operator != [C:/Users/widerw/OneDrive - Wentworth Institute of Technology/College/2_Junior/Semester 2/Computer Arch and Advanced Digital Circuit/vivado/assignment_2/alupipe_testbench.v:109]
WARNING: [Synth 8-589] replacing case/wildcard equality operator !== with logical equality operator != [C:/Users/widerw/OneDrive - Wentworth Institute of Technology/College/2_Junior/Semester 2/Computer Arch and Advanced Digital Circuit/vivado/assignment_2/alupipe_testbench.v:109]
WARNING: [Synth 8-311] ignoring non-constant assignment in initial block [C:/Users/widerw/OneDrive - Wentworth Institute of Technology/College/2_Junior/Semester 2/Computer Arch and Advanced Digital Circuit/vivado/assignment_2/alupipe_testbench.v:76]
WARNING: [Synth 8-311] ignoring non-constant assignment in initial block [C:/Users/widerw/OneDrive - Wentworth Institute of Technology/College/2_Junior/Semester 2/Computer Arch and Advanced Digital Circuit/vivado/assignment_2/alupipe_testbench.v:76]
WARNING: [Synth 8-311] ignoring non-constant assignment in initial block [C:/Users/widerw/OneDrive - Wentworth Institute of Technology/College/2_Junior/Semester 2/Computer Arch and Advanced Digital Circuit/vivado/assignment_2/alupipe_testbench.v:78]
WARNING: [Synth 8-311] ignoring non-constant assignment in initial block [C:/Users/widerw/OneDrive - Wentworth Institute of Technology/College/2_Junior/Semester 2/Computer Arch and Advanced Digital Circuit/vivado/assignment_2/alupipe_testbench.v:78]
WARNING: [Synth 8-589] replacing case/wildcard equality operator !== with logical equality operator != [C:/Users/widerw/OneDrive - Wentworth Institute of Technology/College/2_Junior/Semester 2/Computer Arch and Advanced Digital Circuit/vivado/assignment_2/alupipe_testbench.v:109]
WARNING: [Synth 8-589] replacing case/wildcard equality operator !== with logical equality operator != [C:/Users/widerw/OneDrive - Wentworth Institute of Technology/College/2_Junior/Semester 2/Computer Arch and Advanced Digital Circuit/vivado/assignment_2/alupipe_testbench.v:109]
WARNING: [Synth 8-311] ignoring non-constant assignment in initial block [C:/Users/widerw/OneDrive - Wentworth Institute of Technology/College/2_Junior/Semester 2/Computer Arch and Advanced Digital Circuit/vivado/assignment_2/alupipe_testbench.v:76]
WARNING: [Synth 8-311] ignoring non-constant assignment in initial block [C:/Users/widerw/OneDrive - Wentworth Institute of Technology/College/2_Junior/Semester 2/Computer Arch and Advanced Digital Circuit/vivado/assignment_2/alupipe_testbench.v:76]
WARNING: [Synth 8-311] ignoring non-constant assignment in initial block [C:/Users/widerw/OneDrive - Wentworth Institute of Technology/College/2_Junior/Semester 2/Computer Arch and Advanced Digital Circuit/vivado/assignment_2/alupipe_testbench.v:78]
WARNING: [Synth 8-311] ignoring non-constant assignment in initial block [C:/Users/widerw/OneDrive - Wentworth Institute of Technology/College/2_Junior/Semester 2/Computer Arch and Advanced Digital Circuit/vivado/assignment_2/alupipe_testbench.v:78]
WARNING: [Synth 8-589] replacing case/wildcard equality operator !== with logical equality operator != [C:/Users/widerw/OneDrive - Wentworth Institute of Technology/College/2_Junior/Semester 2/Computer Arch and Advanced Digital Circuit/vivado/assignment_2/alupipe_testbench.v:109]
WARNING: [Synth 8-589] replacing case/wildcard equality operator !== with logical equality operator != [C:/Users/widerw/OneDrive - Wentworth Institute of Technology/College/2_Junior/Semester 2/Computer Arch and Advanced Digital Circuit/vivado/assignment_2/alupipe_testbench.v:109]
WARNING: [Synth 8-311] ignoring non-constant assignment in initial block [C:/Users/widerw/OneDrive - Wentworth Institute of Technology/College/2_Junior/Semester 2/Computer Arch and Advanced Digital Circuit/vivado/assignment_2/alupipe_testbench.v:76]
WARNING: [Synth 8-311] ignoring non-constant assignment in initial block [C:/Users/widerw/OneDrive - Wentworth Institute of Technology/College/2_Junior/Semester 2/Computer Arch and Advanced Digital Circuit/vivado/assignment_2/alupipe_testbench.v:76]
WARNING: [Synth 8-311] ignoring non-constant assignment in initial block [C:/Users/widerw/OneDrive - Wentworth Institute of Technology/College/2_Junior/Semester 2/Computer Arch and Advanced Digital Circuit/vivado/assignment_2/alupipe_testbench.v:78]
WARNING: [Synth 8-311] ignoring non-constant assignment in initial block [C:/Users/widerw/OneDrive - Wentworth Institute of Technology/College/2_Junior/Semester 2/Computer Arch and Advanced Digital Circuit/vivado/assignment_2/alupipe_testbench.v:78]
WARNING: [Synth 8-589] replacing case/wildcard equality operator !== with logical equality operator != [C:/Users/widerw/OneDrive - Wentworth Institute of Technology/College/2_Junior/Semester 2/Computer Arch and Advanced Digital Circuit/vivado/assignment_2/alupipe_testbench.v:109]
WARNING: [Synth 8-589] replacing case/wildcard equality operator !== with logical equality operator != [C:/Users/widerw/OneDrive - Wentworth Institute of Technology/College/2_Junior/Semester 2/Computer Arch and Advanced Digital Circuit/vivado/assignment_2/alupipe_testbench.v:109]
WARNING: [Synth 8-311] ignoring non-constant assignment in initial block [C:/Users/widerw/OneDrive - Wentworth Institute of Technology/College/2_Junior/Semester 2/Computer Arch and Advanced Digital Circuit/vivado/assignment_2/alupipe_testbench.v:76]
WARNING: [Synth 8-311] ignoring non-constant assignment in initial block [C:/Users/widerw/OneDrive - Wentworth Institute of Technology/College/2_Junior/Semester 2/Computer Arch and Advanced Digital Circuit/vivado/assignment_2/alupipe_testbench.v:76]
WARNING: [Synth 8-311] ignoring non-constant assignment in initial block [C:/Users/widerw/OneDrive - Wentworth Institute of Technology/College/2_Junior/Semester 2/Computer Arch and Advanced Digital Circuit/vivado/assignment_2/alupipe_testbench.v:78]
WARNING: [Synth 8-311] ignoring non-constant assignment in initial block [C:/Users/widerw/OneDrive - Wentworth Institute of Technology/College/2_Junior/Semester 2/Computer Arch and Advanced Digital Circuit/vivado/assignment_2/alupipe_testbench.v:78]
WARNING: [Synth 8-589] replacing case/wildcard equality operator !== with logical equality operator != [C:/Users/widerw/OneDrive - Wentworth Institute of Technology/College/2_Junior/Semester 2/Computer Arch and Advanced Digital Circuit/vivado/assignment_2/alupipe_testbench.v:109]
WARNING: [Synth 8-589] replacing case/wildcard equality operator !== with logical equality operator != [C:/Users/widerw/OneDrive - Wentworth Institute of Technology/College/2_Junior/Semester 2/Computer Arch and Advanced Digital Circuit/vivado/assignment_2/alupipe_testbench.v:109]
WARNING: [Synth 8-311] ignoring non-constant assignment in initial block [C:/Users/widerw/OneDrive - Wentworth Institute of Technology/College/2_Junior/Semester 2/Computer Arch and Advanced Digital Circuit/vivado/assignment_2/alupipe_testbench.v:76]
WARNING: [Synth 8-311] ignoring non-constant assignment in initial block [C:/Users/widerw/OneDrive - Wentworth Institute of Technology/College/2_Junior/Semester 2/Computer Arch and Advanced Digital Circuit/vivado/assignment_2/alupipe_testbench.v:76]
WARNING: [Synth 8-311] ignoring non-constant assignment in initial block [C:/Users/widerw/OneDrive - Wentworth Institute of Technology/College/2_Junior/Semester 2/Computer Arch and Advanced Digital Circuit/vivado/assignment_2/alupipe_testbench.v:78]
WARNING: [Synth 8-311] ignoring non-constant assignment in initial block [C:/Users/widerw/OneDrive - Wentworth Institute of Technology/College/2_Junior/Semester 2/Computer Arch and Advanced Digital Circuit/vivado/assignment_2/alupipe_testbench.v:78]
WARNING: [Synth 8-589] replacing case/wildcard equality operator !== with logical equality operator != [C:/Users/widerw/OneDrive - Wentworth Institute of Technology/College/2_Junior/Semester 2/Computer Arch and Advanced Digital Circuit/vivado/assignment_2/alupipe_testbench.v:109]
WARNING: [Synth 8-589] replacing case/wildcard equality operator !== with logical equality operator != [C:/Users/widerw/OneDrive - Wentworth Institute of Technology/College/2_Junior/Semester 2/Computer Arch and Advanced Digital Circuit/vivado/assignment_2/alupipe_testbench.v:109]
WARNING: [Synth 8-311] ignoring non-constant assignment in initial block [C:/Users/widerw/OneDrive - Wentworth Institute of Technology/College/2_Junior/Semester 2/Computer Arch and Advanced Digital Circuit/vivado/assignment_2/alupipe_testbench.v:76]
WARNING: [Synth 8-311] ignoring non-constant assignment in initial block [C:/Users/widerw/OneDrive - Wentworth Institute of Technology/College/2_Junior/Semester 2/Computer Arch and Advanced Digital Circuit/vivado/assignment_2/alupipe_testbench.v:76]
WARNING: [Synth 8-311] ignoring non-constant assignment in initial block [C:/Users/widerw/OneDrive - Wentworth Institute of Technology/College/2_Junior/Semester 2/Computer Arch and Advanced Digital Circuit/vivado/assignment_2/alupipe_testbench.v:78]
WARNING: [Synth 8-311] ignoring non-constant assignment in initial block [C:/Users/widerw/OneDrive - Wentworth Institute of Technology/College/2_Junior/Semester 2/Computer Arch and Advanced Digital Circuit/vivado/assignment_2/alupipe_testbench.v:78]
WARNING: [Synth 8-589] replacing case/wildcard equality operator !== with logical equality operator != [C:/Users/widerw/OneDrive - Wentworth Institute of Technology/College/2_Junior/Semester 2/Computer Arch and Advanced Digital Circuit/vivado/assignment_2/alupipe_testbench.v:109]
WARNING: [Synth 8-589] replacing case/wildcard equality operator !== with logical equality operator != [C:/Users/widerw/OneDrive - Wentworth Institute of Technology/College/2_Junior/Semester 2/Computer Arch and Advanced Digital Circuit/vivado/assignment_2/alupipe_testbench.v:109]
WARNING: [Synth 8-311] ignoring non-constant assignment in initial block [C:/Users/widerw/OneDrive - Wentworth Institute of Technology/College/2_Junior/Semester 2/Computer Arch and Advanced Digital Circuit/vivado/assignment_2/alupipe_testbench.v:76]
WARNING: [Synth 8-311] ignoring non-constant assignment in initial block [C:/Users/widerw/OneDrive - Wentworth Institute of Technology/College/2_Junior/Semester 2/Computer Arch and Advanced Digital Circuit/vivado/assignment_2/alupipe_testbench.v:76]
INFO: [Common 17-14] Message 'Synth 8-311' appears 100 times and further instances of the messages will be disabled. Use the Tcl command set_msg_config to change the current settings.
WARNING: [Synth 8-589] replacing case/wildcard equality operator !== with logical equality operator != [C:/Users/widerw/OneDrive - Wentworth Institute of Technology/College/2_Junior/Semester 2/Computer Arch and Advanced Digital Circuit/vivado/assignment_2/alupipe_testbench.v:109]
WARNING: [Synth 8-589] replacing case/wildcard equality operator !== with logical equality operator != [C:/Users/widerw/OneDrive - Wentworth Institute of Technology/College/2_Junior/Semester 2/Computer Arch and Advanced Digital Circuit/vivado/assignment_2/alupipe_testbench.v:109]
WARNING: [Synth 8-589] replacing case/wildcard equality operator !== with logical equality operator != [C:/Users/widerw/OneDrive - Wentworth Institute of Technology/College/2_Junior/Semester 2/Computer Arch and Advanced Digital Circuit/vivado/assignment_2/alupipe_testbench.v:109]
WARNING: [Synth 8-589] replacing case/wildcard equality operator !== with logical equality operator != [C:/Users/widerw/OneDrive - Wentworth Institute of Technology/College/2_Junior/Semester 2/Computer Arch and Advanced Digital Circuit/vivado/assignment_2/alupipe_testbench.v:109]
WARNING: [Synth 8-589] replacing case/wildcard equality operator !== with logical equality operator != [C:/Users/widerw/OneDrive - Wentworth Institute of Technology/College/2_Junior/Semester 2/Computer Arch and Advanced Digital Circuit/vivado/assignment_2/alupipe_testbench.v:109]
WARNING: [Synth 8-589] replacing case/wildcard equality operator !== with logical equality operator != [C:/Users/widerw/OneDrive - Wentworth Institute of Technology/College/2_Junior/Semester 2/Computer Arch and Advanced Digital Circuit/vivado/assignment_2/alupipe_testbench.v:109]
WARNING: [Synth 8-589] replacing case/wildcard equality operator !== with logical equality operator != [C:/Users/widerw/OneDrive - Wentworth Institute of Technology/College/2_Junior/Semester 2/Computer Arch and Advanced Digital Circuit/vivado/assignment_2/alupipe_testbench.v:109]
WARNING: [Synth 8-589] replacing case/wildcard equality operator !== with logical equality operator != [C:/Users/widerw/OneDrive - Wentworth Institute of Technology/College/2_Junior/Semester 2/Computer Arch and Advanced Digital Circuit/vivado/assignment_2/alupipe_testbench.v:109]
WARNING: [Synth 8-589] replacing case/wildcard equality operator !== with logical equality operator != [C:/Users/widerw/OneDrive - Wentworth Institute of Technology/College/2_Junior/Semester 2/Computer Arch and Advanced Digital Circuit/vivado/assignment_2/alupipe_testbench.v:109]
WARNING: [Synth 8-589] replacing case/wildcard equality operator !== with logical equality operator != [C:/Users/widerw/OneDrive - Wentworth Institute of Technology/College/2_Junior/Semester 2/Computer Arch and Advanced Digital Circuit/vivado/assignment_2/alupipe_testbench.v:109]
WARNING: [Synth 8-589] replacing case/wildcard equality operator !== with logical equality operator != [C:/Users/widerw/OneDrive - Wentworth Institute of Technology/College/2_Junior/Semester 2/Computer Arch and Advanced Digital Circuit/vivado/assignment_2/alupipe_testbench.v:109]
WARNING: [Synth 8-589] replacing case/wildcard equality operator !== with logical equality operator != [C:/Users/widerw/OneDrive - Wentworth Institute of Technology/College/2_Junior/Semester 2/Computer Arch and Advanced Digital Circuit/vivado/assignment_2/alupipe_testbench.v:109]
WARNING: [Synth 8-589] replacing case/wildcard equality operator !== with logical equality operator != [C:/Users/widerw/OneDrive - Wentworth Institute of Technology/College/2_Junior/Semester 2/Computer Arch and Advanced Digital Circuit/vivado/assignment_2/alupipe_testbench.v:109]
WARNING: [Synth 8-589] replacing case/wildcard equality operator !== with logical equality operator != [C:/Users/widerw/OneDrive - Wentworth Institute of Technology/College/2_Junior/Semester 2/Computer Arch and Advanced Digital Circuit/vivado/assignment_2/alupipe_testbench.v:109]
WARNING: [Synth 8-589] replacing case/wildcard equality operator !== with logical equality operator != [C:/Users/widerw/OneDrive - Wentworth Institute of Technology/College/2_Junior/Semester 2/Computer Arch and Advanced Digital Circuit/vivado/assignment_2/alupipe_testbench.v:109]
WARNING: [Synth 8-589] replacing case/wildcard equality operator !== with logical equality operator != [C:/Users/widerw/OneDrive - Wentworth Institute of Technology/College/2_Junior/Semester 2/Computer Arch and Advanced Digital Circuit/vivado/assignment_2/alupipe_testbench.v:109]
WARNING: [Synth 8-589] replacing case/wildcard equality operator !== with logical equality operator != [C:/Users/widerw/OneDrive - Wentworth Institute of Technology/College/2_Junior/Semester 2/Computer Arch and Advanced Digital Circuit/vivado/assignment_2/alupipe_testbench.v:109]
WARNING: [Synth 8-589] replacing case/wildcard equality operator !== with logical equality operator != [C:/Users/widerw/OneDrive - Wentworth Institute of Technology/College/2_Junior/Semester 2/Computer Arch and Advanced Digital Circuit/vivado/assignment_2/alupipe_testbench.v:109]
WARNING: [Synth 8-589] replacing case/wildcard equality operator !== with logical equality operator != [C:/Users/widerw/OneDrive - Wentworth Institute of Technology/College/2_Junior/Semester 2/Computer Arch and Advanced Digital Circuit/vivado/assignment_2/alupipe_testbench.v:109]
WARNING: [Synth 8-589] replacing case/wildcard equality operator !== with logical equality operator != [C:/Users/widerw/OneDrive - Wentworth Institute of Technology/College/2_Junior/Semester 2/Computer Arch and Advanced Digital Circuit/vivado/assignment_2/alupipe_testbench.v:109]
WARNING: [Synth 8-589] replacing case/wildcard equality operator !== with logical equality operator != [C:/Users/widerw/OneDrive - Wentworth Institute of Technology/College/2_Junior/Semester 2/Computer Arch and Advanced Digital Circuit/vivado/assignment_2/alupipe_testbench.v:109]
WARNING: [Synth 8-589] replacing case/wildcard equality operator !== with logical equality operator != [C:/Users/widerw/OneDrive - Wentworth Institute of Technology/College/2_Junior/Semester 2/Computer Arch and Advanced Digital Circuit/vivado/assignment_2/alupipe_testbench.v:109]
WARNING: [Synth 8-589] replacing case/wildcard equality operator !== with logical equality operator != [C:/Users/widerw/OneDrive - Wentworth Institute of Technology/College/2_Junior/Semester 2/Computer Arch and Advanced Digital Circuit/vivado/assignment_2/alupipe_testbench.v:109]
WARNING: [Synth 8-589] replacing case/wildcard equality operator !== with logical equality operator != [C:/Users/widerw/OneDrive - Wentworth Institute of Technology/College/2_Junior/Semester 2/Computer Arch and Advanced Digital Circuit/vivado/assignment_2/alupipe_testbench.v:109]
WARNING: [Synth 8-589] replacing case/wildcard equality operator !== with logical equality operator != [C:/Users/widerw/OneDrive - Wentworth Institute of Technology/College/2_Junior/Semester 2/Computer Arch and Advanced Digital Circuit/vivado/assignment_2/alupipe_testbench.v:109]
WARNING: [Synth 8-589] replacing case/wildcard equality operator !== with logical equality operator != [C:/Users/widerw/OneDrive - Wentworth Institute of Technology/College/2_Junior/Semester 2/Computer Arch and Advanced Digital Circuit/vivado/assignment_2/alupipe_testbench.v:109]
WARNING: [Synth 8-589] replacing case/wildcard equality operator !== with logical equality operator != [C:/Users/widerw/OneDrive - Wentworth Institute of Technology/College/2_Junior/Semester 2/Computer Arch and Advanced Digital Circuit/vivado/assignment_2/alupipe_testbench.v:109]
WARNING: [Synth 8-589] replacing case/wildcard equality operator !== with logical equality operator != [C:/Users/widerw/OneDrive - Wentworth Institute of Technology/College/2_Junior/Semester 2/Computer Arch and Advanced Digital Circuit/vivado/assignment_2/alupipe_testbench.v:109]
WARNING: [Synth 8-589] replacing case/wildcard equality operator !== with logical equality operator != [C:/Users/widerw/OneDrive - Wentworth Institute of Technology/College/2_Junior/Semester 2/Computer Arch and Advanced Digital Circuit/vivado/assignment_2/alupipe_testbench.v:109]
WARNING: [Synth 8-589] replacing case/wildcard equality operator !== with logical equality operator != [C:/Users/widerw/OneDrive - Wentworth Institute of Technology/College/2_Junior/Semester 2/Computer Arch and Advanced Digital Circuit/vivado/assignment_2/alupipe_testbench.v:109]
WARNING: [Synth 8-589] replacing case/wildcard equality operator !== with logical equality operator != [C:/Users/widerw/OneDrive - Wentworth Institute of Technology/College/2_Junior/Semester 2/Computer Arch and Advanced Digital Circuit/vivado/assignment_2/alupipe_testbench.v:109]
WARNING: [Synth 8-589] replacing case/wildcard equality operator !== with logical equality operator != [C:/Users/widerw/OneDrive - Wentworth Institute of Technology/College/2_Junior/Semester 2/Computer Arch and Advanced Digital Circuit/vivado/assignment_2/alupipe_testbench.v:109]
WARNING: [Synth 8-589] replacing case/wildcard equality operator !== with logical equality operator != [C:/Users/widerw/OneDrive - Wentworth Institute of Technology/College/2_Junior/Semester 2/Computer Arch and Advanced Digital Circuit/vivado/assignment_2/alupipe_testbench.v:109]
WARNING: [Synth 8-589] replacing case/wildcard equality operator !== with logical equality operator != [C:/Users/widerw/OneDrive - Wentworth Institute of Technology/College/2_Junior/Semester 2/Computer Arch and Advanced Digital Circuit/vivado/assignment_2/alupipe_testbench.v:109]
WARNING: [Synth 8-589] replacing case/wildcard equality operator !== with logical equality operator != [C:/Users/widerw/OneDrive - Wentworth Institute of Technology/College/2_Junior/Semester 2/Computer Arch and Advanced Digital Circuit/vivado/assignment_2/alupipe_testbench.v:109]
WARNING: [Synth 8-589] replacing case/wildcard equality operator !== with logical equality operator != [C:/Users/widerw/OneDrive - Wentworth Institute of Technology/College/2_Junior/Semester 2/Computer Arch and Advanced Digital Circuit/vivado/assignment_2/alupipe_testbench.v:109]
WARNING: [Synth 8-589] replacing case/wildcard equality operator !== with logical equality operator != [C:/Users/widerw/OneDrive - Wentworth Institute of Technology/College/2_Junior/Semester 2/Computer Arch and Advanced Digital Circuit/vivado/assignment_2/alupipe_testbench.v:109]
WARNING: [Synth 8-589] replacing case/wildcard equality operator !== with logical equality operator != [C:/Users/widerw/OneDrive - Wentworth Institute of Technology/College/2_Junior/Semester 2/Computer Arch and Advanced Digital Circuit/vivado/assignment_2/alupipe_testbench.v:109]
WARNING: [Synth 8-589] replacing case/wildcard equality operator !== with logical equality operator != [C:/Users/widerw/OneDrive - Wentworth Institute of Technology/College/2_Junior/Semester 2/Computer Arch and Advanced Digital Circuit/vivado/assignment_2/alupipe_testbench.v:109]
WARNING: [Synth 8-589] replacing case/wildcard equality operator !== with logical equality operator != [C:/Users/widerw/OneDrive - Wentworth Institute of Technology/College/2_Junior/Semester 2/Computer Arch and Advanced Digital Circuit/vivado/assignment_2/alupipe_testbench.v:109]
WARNING: [Synth 8-589] replacing case/wildcard equality operator !== with logical equality operator != [C:/Users/widerw/OneDrive - Wentworth Institute of Technology/College/2_Junior/Semester 2/Computer Arch and Advanced Digital Circuit/vivado/assignment_2/alupipe_testbench.v:109]
WARNING: [Synth 8-589] replacing case/wildcard equality operator !== with logical equality operator != [C:/Users/widerw/OneDrive - Wentworth Institute of Technology/College/2_Junior/Semester 2/Computer Arch and Advanced Digital Circuit/vivado/assignment_2/alupipe_testbench.v:109]
WARNING: [Synth 8-589] replacing case/wildcard equality operator !== with logical equality operator != [C:/Users/widerw/OneDrive - Wentworth Institute of Technology/College/2_Junior/Semester 2/Computer Arch and Advanced Digital Circuit/vivado/assignment_2/alupipe_testbench.v:109]
WARNING: [Synth 8-589] replacing case/wildcard equality operator !== with logical equality operator != [C:/Users/widerw/OneDrive - Wentworth Institute of Technology/College/2_Junior/Semester 2/Computer Arch and Advanced Digital Circuit/vivado/assignment_2/alupipe_testbench.v:109]
WARNING: [Synth 8-589] replacing case/wildcard equality operator !== with logical equality operator != [C:/Users/widerw/OneDrive - Wentworth Institute of Technology/College/2_Junior/Semester 2/Computer Arch and Advanced Digital Circuit/vivado/assignment_2/alupipe_testbench.v:109]
WARNING: [Synth 8-589] replacing case/wildcard equality operator !== with logical equality operator != [C:/Users/widerw/OneDrive - Wentworth Institute of Technology/College/2_Junior/Semester 2/Computer Arch and Advanced Digital Circuit/vivado/assignment_2/alupipe_testbench.v:109]
WARNING: [Synth 8-589] replacing case/wildcard equality operator !== with logical equality operator != [C:/Users/widerw/OneDrive - Wentworth Institute of Technology/College/2_Junior/Semester 2/Computer Arch and Advanced Digital Circuit/vivado/assignment_2/alupipe_testbench.v:109]
WARNING: [Synth 8-589] replacing case/wildcard equality operator !== with logical equality operator != [C:/Users/widerw/OneDrive - Wentworth Institute of Technology/College/2_Junior/Semester 2/Computer Arch and Advanced Digital Circuit/vivado/assignment_2/alupipe_testbench.v:109]
WARNING: [Synth 8-589] replacing case/wildcard equality operator !== with logical equality operator != [C:/Users/widerw/OneDrive - Wentworth Institute of Technology/College/2_Junior/Semester 2/Computer Arch and Advanced Digital Circuit/vivado/assignment_2/alupipe_testbench.v:109]
WARNING: [Synth 8-589] replacing case/wildcard equality operator !== with logical equality operator != [C:/Users/widerw/OneDrive - Wentworth Institute of Technology/College/2_Junior/Semester 2/Computer Arch and Advanced Digital Circuit/vivado/assignment_2/alupipe_testbench.v:109]
WARNING: [Synth 8-589] replacing case/wildcard equality operator !== with logical equality operator != [C:/Users/widerw/OneDrive - Wentworth Institute of Technology/College/2_Junior/Semester 2/Computer Arch and Advanced Digital Circuit/vivado/assignment_2/alupipe_testbench.v:109]
WARNING: [Synth 8-589] replacing case/wildcard equality operator !== with logical equality operator != [C:/Users/widerw/OneDrive - Wentworth Institute of Technology/College/2_Junior/Semester 2/Computer Arch and Advanced Digital Circuit/vivado/assignment_2/alupipe_testbench.v:109]
WARNING: [Synth 8-589] replacing case/wildcard equality operator !== with logical equality operator != [C:/Users/widerw/OneDrive - Wentworth Institute of Technology/College/2_Junior/Semester 2/Computer Arch and Advanced Digital Circuit/vivado/assignment_2/alupipe_testbench.v:109]
WARNING: [Synth 8-589] replacing case/wildcard equality operator !== with logical equality operator != [C:/Users/widerw/OneDrive - Wentworth Institute of Technology/College/2_Junior/Semester 2/Computer Arch and Advanced Digital Circuit/vivado/assignment_2/alupipe_testbench.v:109]
INFO: [Common 17-14] Message 'Synth 8-589' appears 100 times and further instances of the messages will be disabled. Use the Tcl command set_msg_config to change the current settings.
ERROR: [Synth 8-3380] loop condition does not converge after 2000 iterations [C:/Users/widerw/OneDrive - Wentworth Institute of Technology/College/2_Junior/Semester 2/Computer Arch and Advanced Digital Circuit/vivado/assignment_2/alupipe_testbench.v:69]
ERROR: [Synth 8-285] failed synthesizing module 'alupipe_testbench' [C:/Users/widerw/OneDrive - Wentworth Institute of Technology/College/2_Junior/Semester 2/Computer Arch and Advanced Digital Circuit/vivado/assignment_2/alupipe_testbench.v:2]
---------------------------------------------------------------------------------
Finished Synthesize : Time (s): cpu = 00:02:16 ; elapsed = 00:02:23 . Memory (MB): peak = 2081.977 ; gain = 1871.875
---------------------------------------------------------------------------------
synthesize failed
INFO: [Common 17-83] Releasing license: Synthesis
7 Infos, 200 Warnings, 0 Critical Warnings and 3 Errors encountered.
synth_design failed
ERROR: [Common 17-69] Command failed: Vivado Synthesis failed
INFO: [Common 17-206] Exiting Vivado at Tue Jun 06 13:58:44 2017...
