#-----------------------------------------------------------
# Vivado v2016.4 (64-bit)
# SW Build 1756540 on Mon Jan 23 19:11:23 MST 2017
# IP Build 1755317 on Mon Jan 23 20:30:07 MST 2017
# Start of session at: Tue Jun 13 09:30:23 2017
# Process ID: 9904
# Current directory: C:/Users/widerw/ELEC3725_vivado_projects/assignment_2
# Command line: vivado.exe -gui_launcher_event rodinguilauncherevent13832 C:\Users\widerw\ELEC3725_vivado_projects\assignment_2\assignment_2.xpr
# Log file: C:/Users/widerw/ELEC3725_vivado_projects/assignment_2/vivado.log
# Journal file: C:/Users/widerw/ELEC3725_vivado_projects/assignment_2\vivado.jou
#-----------------------------------------------------------
start_gui
open_project C:/Users/widerw/ELEC3725_vivado_projects/assignment_2/assignment_2.xpr
Scanning sources...
Finished scanning sources
INFO: [IP_Flow 19-234] Refreshing IP repositories
INFO: [IP_Flow 19-1704] No user IP repositories specified
INFO: [IP_Flow 19-2313] Loaded Vivado IP repository 'C:/Xilinx/Vivado/2016.4/data/ip'.
open_project: Time (s): cpu = 00:00:20 ; elapsed = 00:00:10 . Memory (MB): peak = 759.605 ; gain = 82.703
exit
INFO: [Common 17-206] Exiting Vivado at Tue Jun 13 09:33:21 2017...
